{"contracts/WIP.sol":{"l":{"24":3,"25":3,"26":3,"30":1,"34":1,"39":1,"43":1,"47":0,"51":0,"55":0,"63":3,"73":3,"80":3,"87":0},"path":"/home/whyyor/Desktop/superhi projects/w-i-p/start/contracts/WIP.sol","s":{"1":3,"2":3,"3":3,"4":1,"5":1,"6":1,"7":1,"8":0,"9":0,"10":0,"11":3,"12":3,"13":3,"14":0},"b":{},"f":{"1":3,"2":1,"3":1,"4":1,"5":1,"6":0,"7":0,"8":0,"9":3,"10":3,"11":3,"12":0},"fnMap":{"1":{"name":"constructor","line":23,"loc":{"start":{"line":23,"column":4},"end":{"line":27,"column":4}}},"2":{"name":"changePostThreshold","line":29,"loc":{"start":{"line":29,"column":4},"end":{"line":31,"column":4}}},"3":{"name":"changecommentThreshold","line":33,"loc":{"start":{"line":33,"column":4},"end":{"line":35,"column":4}}},"4":{"name":"canPost","line":37,"loc":{"start":{"line":37,"column":4},"end":{"line":40,"column":4}}},"5":{"name":"canComment","line":42,"loc":{"start":{"line":42,"column":4},"end":{"line":44,"column":4}}},"6":{"name":"pause","line":46,"loc":{"start":{"line":46,"column":4},"end":{"line":48,"column":4}}},"7":{"name":"unpause","line":50,"loc":{"start":{"line":50,"column":4},"end":{"line":52,"column":4}}},"8":{"name":"mint","line":54,"loc":{"start":{"line":54,"column":4},"end":{"line":56,"column":4}}},"9":{"name":"_beforeTokenTransfer","line":62,"loc":{"start":{"line":58,"column":4},"end":{"line":64,"column":4}}},"10":{"name":"_afterTokenTransfer","line":68,"loc":{"start":{"line":68,"column":4},"end":{"line":74,"column":4}}},"11":{"name":"_mint","line":76,"loc":{"start":{"line":76,"column":4},"end":{"line":81,"column":4}}},"12":{"name":"_burn","line":83,"loc":{"start":{"line":83,"column":4},"end":{"line":88,"column":4}}}},"statementMap":{"1":{"start":{"line":24,"column":8},"end":{"line":24,"column":50}},"2":{"start":{"line":25,"column":8},"end":{"line":25,"column":43}},"3":{"start":{"line":26,"column":8},"end":{"line":26,"column":45}},"4":{"start":{"line":30,"column":8},"end":{"line":30,"column":52}},"5":{"start":{"line":34,"column":8},"end":{"line":34,"column":55}},"6":{"start":{"line":39,"column":8},"end":{"line":39,"column":47}},"7":{"start":{"line":43,"column":8},"end":{"line":43,"column":50}},"8":{"start":{"line":47,"column":8},"end":{"line":47,"column":15}},"9":{"start":{"line":51,"column":8},"end":{"line":51,"column":17}},"10":{"start":{"line":55,"column":8},"end":{"line":55,"column":24}},"11":{"start":{"line":63,"column":8},"end":{"line":63,"column":51}},"12":{"start":{"line":73,"column":8},"end":{"line":73,"column":50}},"13":{"start":{"line":80,"column":8},"end":{"line":80,"column":30}},"14":{"start":{"line":87,"column":8},"end":{"line":87,"column":35}}},"branchMap":{}}}